{"contracts/Calendar.sol":{"l":{"20":7,"28":6,"37":0,"62":30,"63":30,"64":30,"67":30,"68":30,"69":7,"73":23,"74":23,"75":13,"76":13,"77":4,"81":19,"92":14,"94":14,"95":1,"98":13,"99":13,"100":13,"102":13,"112":1,"115":1,"116":1,"118":1,"119":1,"120":1,"121":1,"122":1,"125":1,"126":1,"127":4,"128":4,"129":2,"130":2,"132":2,"135":4,"138":1,"146":2,"148":2,"150":2,"151":2,"152":2,"153":0,"156":2,"158":1,"159":1,"168":8,"171":8,"172":8,"173":8,"174":8,"176":8,"177":5,"179":5,"180":4,"191":0,"200":0,"201":0,"203":0,"204":0,"205":0,"206":0,"216":0,"218":0,"219":0,"220":0,"221":0},"path":"/Users/saurfang/workspace/meeth/contracts/Calendar.sol","s":{"1":7,"2":30,"3":30,"4":7,"5":23,"6":23,"7":13,"8":13,"9":4,"10":19,"11":14,"12":14,"13":1,"14":13,"15":13,"16":13,"17":1,"18":1,"19":1,"20":1,"21":1,"22":1,"23":1,"24":1,"25":4,"26":4,"27":4,"28":1,"29":2,"30":2,"31":2,"32":2,"33":2,"34":0,"35":1,"36":8,"37":8,"38":8,"39":5,"40":5,"41":4,"42":0,"43":0,"44":0,"45":0,"46":0,"47":0,"48":0,"49":0,"50":0,"51":0,"52":0},"b":{"1":[7,23],"2":[13,10],"3":[4,9],"4":[14,0],"5":[1,13],"6":[1,0],"7":[2,2],"8":[2,0],"9":[0,2],"10":[5,3],"11":[4,1],"12":[0,0]},"f":{"1":7,"2":6,"3":0,"4":30,"5":14,"6":1,"7":2,"8":8,"9":0,"10":0,"11":0},"fnMap":{"1":{"name":null,"line":19,"loc":{"start":{"line":19,"column":2},"end":{"line":19,"column":53}}},"2":{"name":"mint","line":24,"loc":{"start":{"line":24,"column":2},"end":{"line":27,"column":3}}},"3":{"name":"burn","line":33,"loc":{"start":{"line":33,"column":2},"end":{"line":36,"column":3}}},"4":{"name":"isAvailable","line":56,"loc":{"start":{"line":56,"column":2},"end":{"line":60,"column":3}}},"5":{"name":"reserve","line":87,"loc":{"start":{"line":87,"column":2},"end":{"line":91,"column":3}}},"6":{"name":"cancelAll","line":107,"loc":{"start":{"line":107,"column":2},"end":{"line":111,"column":3}}},"7":{"name":"cancel","line":142,"loc":{"start":{"line":142,"column":2},"end":{"line":145,"column":3}}},"8":{"name":"renterOf","line":163,"loc":{"start":{"line":163,"column":2},"end":{"line":167,"column":3}}},"9":{"name":"reservationBalanceOf","line":186,"loc":{"start":{"line":186,"column":2},"end":{"line":190,"column":3}}},"10":{"name":"reservationOfCalendarByIndex","line":195,"loc":{"start":{"line":195,"column":2},"end":{"line":199,"column":3}}},"11":{"name":"reservationOfOwnerByIndex","line":211,"loc":{"start":{"line":211,"column":2},"end":{"line":215,"column":3}}}},"statementMap":{"1":{"start":{"line":20,"column":4},"end":{"line":20,"column":42}},"2":{"start":{"line":67,"column":4},"end":{"line":67,"column":88}},"3":{"start":{"line":68,"column":4},"end":{"line":68,"column":2531}},"4":{"start":{"line":69,"column":6},"end":{"line":69,"column":18}},"5":{"start":{"line":73,"column":4},"end":{"line":73,"column":86}},"6":{"start":{"line":74,"column":4},"end":{"line":74,"column":2738}},"7":{"start":{"line":75,"column":6},"end":{"line":75,"column":63}},"8":{"start":{"line":76,"column":6},"end":{"line":76,"column":2825}},"9":{"start":{"line":77,"column":8},"end":{"line":77,"column":20}},"10":{"start":{"line":81,"column":4},"end":{"line":81,"column":15}},"11":{"start":{"line":92,"column":4},"end":{"line":92,"column":28}},"12":{"start":{"line":94,"column":4},"end":{"line":94,"column":3305}},"13":{"start":{"line":95,"column":6},"end":{"line":95,"column":59}},"14":{"start":{"line":98,"column":4},"end":{"line":98,"column":61}},"15":{"start":{"line":99,"column":4},"end":{"line":99,"column":83}},"16":{"start":{"line":102,"column":4},"end":{"line":102,"column":24}},"17":{"start":{"line":112,"column":4},"end":{"line":112,"column":28}},"18":{"start":{"line":115,"column":4},"end":{"line":115,"column":69}},"19":{"start":{"line":116,"column":4},"end":{"line":116,"column":61}},"20":{"start":{"line":118,"column":4},"end":{"line":118,"column":20}},"21":{"start":{"line":119,"column":4},"end":{"line":119,"column":29}},"22":{"start":{"line":122,"column":4},"end":{"line":122,"column":24}},"23":{"start":{"line":125,"column":4},"end":{"line":125,"column":78}},"24":{"start":{"line":126,"column":4},"end":{"line":126,"column":4539}},"25":{"start":{"line":127,"column":6},"end":{"line":127,"column":57}},"26":{"start":{"line":128,"column":6},"end":{"line":128,"column":4623}},"27":{"start":{"line":135,"column":6},"end":{"line":135,"column":79}},"28":{"start":{"line":138,"column":4},"end":{"line":138,"column":20}},"29":{"start":{"line":146,"column":4},"end":{"line":146,"column":28}},"30":{"start":{"line":148,"column":4},"end":{"line":148,"column":61}},"31":{"start":{"line":150,"column":4},"end":{"line":150,"column":66}},"32":{"start":{"line":151,"column":4},"end":{"line":151,"column":63}},"33":{"start":{"line":152,"column":4},"end":{"line":152,"column":5344}},"34":{"start":{"line":153,"column":6},"end":{"line":153,"column":37}},"35":{"start":{"line":158,"column":4},"end":{"line":158,"column":69}},"36":{"start":{"line":168,"column":4},"end":{"line":168,"column":69}},"37":{"start":{"line":174,"column":4},"end":{"line":174,"column":77}},"38":{"start":{"line":176,"column":4},"end":{"line":176,"column":6079}},"39":{"start":{"line":177,"column":6},"end":{"line":177,"column":63}},"40":{"start":{"line":179,"column":6},"end":{"line":179,"column":6220}},"41":{"start":{"line":180,"column":8},"end":{"line":180,"column":49}},"42":{"start":{"line":191,"column":4},"end":{"line":191,"column":46}},"43":{"start":{"line":201,"column":4},"end":{"line":201,"column":82}},"44":{"start":{"line":203,"column":4},"end":{"line":203,"column":6895}},"45":{"start":{"line":204,"column":6},"end":{"line":204,"column":63}},"46":{"start":{"line":205,"column":6},"end":{"line":205,"column":57}},"47":{"start":{"line":206,"column":6},"end":{"line":206,"column":47}},"48":{"start":{"line":216,"column":4},"end":{"line":216,"column":61}},"49":{"start":{"line":218,"column":4},"end":{"line":218,"column":66}},"50":{"start":{"line":219,"column":4},"end":{"line":219,"column":57}},"51":{"start":{"line":220,"column":4},"end":{"line":220,"column":55}},"52":{"start":{"line":221,"column":4},"end":{"line":221,"column":54}}},"branchMap":{"1":{"line":68,"type":"if","locations":[{"start":{"line":68,"column":4},"end":{"line":68,"column":4}},{"start":{"line":68,"column":4},"end":{"line":68,"column":4}}]},"2":{"line":74,"type":"if","locations":[{"start":{"line":74,"column":4},"end":{"line":74,"column":4}},{"start":{"line":74,"column":4},"end":{"line":74,"column":4}}]},"3":{"line":76,"type":"if","locations":[{"start":{"line":76,"column":6},"end":{"line":76,"column":6}},{"start":{"line":76,"column":6},"end":{"line":76,"column":6}}]},"4":{"line":92,"type":"if","locations":[{"start":{"line":92,"column":4},"end":{"line":92,"column":4}},{"start":{"line":92,"column":4},"end":{"line":92,"column":4}}]},"5":{"line":94,"type":"if","locations":[{"start":{"line":94,"column":4},"end":{"line":94,"column":4}},{"start":{"line":94,"column":4},"end":{"line":94,"column":4}}]},"6":{"line":112,"type":"if","locations":[{"start":{"line":112,"column":4},"end":{"line":112,"column":4}},{"start":{"line":112,"column":4},"end":{"line":112,"column":4}}]},"7":{"line":128,"type":"if","locations":[{"start":{"line":128,"column":6},"end":{"line":128,"column":6}},{"start":{"line":128,"column":6},"end":{"line":128,"column":6}}]},"8":{"line":146,"type":"if","locations":[{"start":{"line":146,"column":4},"end":{"line":146,"column":4}},{"start":{"line":146,"column":4},"end":{"line":146,"column":4}}]},"9":{"line":152,"type":"if","locations":[{"start":{"line":152,"column":4},"end":{"line":152,"column":4}},{"start":{"line":152,"column":4},"end":{"line":152,"column":4}}]},"10":{"line":176,"type":"if","locations":[{"start":{"line":176,"column":4},"end":{"line":176,"column":4}},{"start":{"line":176,"column":4},"end":{"line":176,"column":4}}]},"11":{"line":179,"type":"if","locations":[{"start":{"line":179,"column":6},"end":{"line":179,"column":6}},{"start":{"line":179,"column":6},"end":{"line":179,"column":6}}]},"12":{"line":203,"type":"if","locations":[{"start":{"line":203,"column":4},"end":{"line":203,"column":4}},{"start":{"line":203,"column":4},"end":{"line":203,"column":4}}]}}},"contracts/ERC809.sol":{"l":{},"path":"/Users/saurfang/workspace/meeth/contracts/ERC809.sol","s":{},"b":{},"f":{},"fnMap":{},"statementMap":{},"branchMap":{}},"contracts/Reservation.sol":{"l":{"29":22,"30":22,"32":22,"34":22,"35":22,"36":22,"38":22,"40":22,"47":6,"49":5,"50":5,"51":5,"52":5,"54":5},"path":"/Users/saurfang/workspace/meeth/contracts/Reservation.sol","s":{"1":22,"2":22,"3":22,"4":22,"5":22,"6":22,"7":22,"8":5,"9":5},"b":{},"f":{"1":13,"2":22,"3":6},"fnMap":{"1":{"name":null,"line":17,"loc":{"start":{"line":17,"column":2},"end":{"line":17,"column":56}}},"2":{"name":"reserve","line":24,"loc":{"start":{"line":24,"column":2},"end":{"line":28,"column":3}}},"3":{"name":"cancel","line":43,"loc":{"start":{"line":43,"column":2},"end":{"line":46,"column":3}}}},"statementMap":{"1":{"start":{"line":29,"column":4},"end":{"line":29,"column":32}},"2":{"start":{"line":30,"column":4},"end":{"line":30,"column":35}},"3":{"start":{"line":34,"column":4},"end":{"line":34,"column":37}},"4":{"start":{"line":35,"column":4},"end":{"line":35,"column":36}},"5":{"start":{"line":36,"column":4},"end":{"line":36,"column":34}},"6":{"start":{"line":38,"column":4},"end":{"line":38,"column":44}},"7":{"start":{"line":40,"column":4},"end":{"line":40,"column":18}},"8":{"start":{"line":49,"column":4},"end":{"line":49,"column":45}},"9":{"start":{"line":54,"column":4},"end":{"line":54,"column":51}}},"branchMap":{}}}